  [4;36;1mSQL (0.1ms)[0m   [0;1mSET NAMES 'utf8'[0m
  [4;35;1mSQL (0.1ms)[0m   [0mSET SQL_AUTO_IS_NULL=0[0m


Processing HomeController#index (for 127.0.0.1 at 2012-08-09 11:14:53) [GET]
Redirected to http://apps.facebook.com/newrailsapp
Completed in 2ms (DB: 0) | 302 Found [http://localhost/]
  [4;36;1mSQL (0.4ms)[0m   [0;1mSET NAMES 'utf8'[0m
  [4;35;1mSQL (0.3ms)[0m   [0mSET SQL_AUTO_IS_NULL=0[0m


Processing HomeController#index (for 127.0.0.1 at 2012-08-09 11:15:08) [POST]
  Parameters: {"signed_request"=>"QGMNEijxTTVMGraZeUKwd8u5rFGYK1RqtX-rx56uhk4.eyJhbGdvcml0aG0iOiJITUFDLVNIQTI1NiIsImV4cGlyZXMiOjEzNDk2NzUxMDUsImlzc3VlZF9hdCI6MTM0NDQ5MTEwNSwib2F1dGhfdG9rZW4iOiJBQUFCZmNhdmcxQ29CQU5TamtaQTlBck5OaExxMlpBR1pDMzVCZnRkRUFCTDlqdmJaQkdaQVpCbzZ6WGpUbXRRM1NaQUxBWkJ1UXM4ZHNEVnBYclpBSjZ4WkNEWWdaQkg4YlBYNjY0WkQiLCJ1c2VyIjp7ImNvdW50cnkiOiJpbiIsImxvY2FsZSI6ImVuX1VTIiwiYWdlIjp7Im1pbiI6MjF9fSwidXNlcl9pZCI6IjcxNTU5MjgyNCJ9"}
  [4;36;1mUser Columns (1.1ms)[0m   [0;1mSHOW FIELDS FROM `users`[0m
  [4;35;1mUser Load (25.7ms)[0m   [0mSELECT * FROM `users` WHERE (`users`.`fb_uid` = '715592824') LIMIT 1[0m
  [4;36;1mFriend Columns (1.4ms)[0m   [0;1mSHOW FIELDS FROM `friends`[0m
  [4;35;1mSQL (325.5ms)[0m   [0mSELECT count(DISTINCT `friends`.id) AS count_all FROM `friends` LEFT OUTER JOIN `movies` ON movies.friend_id = friends.id LEFT OUTER JOIN `musics` ON musics.friend_id = friends.id LEFT OUTER JOIN `books` ON books.friend_id = friends.id WHERE (`friends`.user_id = 1) [0m
  [4;36;1mFriend Load (1.0ms)[0m   [0;1mSELECT * FROM `friends` WHERE (`friends`.user_id = 1 AND (first_name IS NULL)) LIMIT 1[0m
  [4;35;1mUser Load (0.3ms)[0m   [0mSELECT * FROM `users` WHERE (`users`.`id` = 1) [0m
spawn> parent PID = 3071
spawn> child PID = 3099
  [4;36;1mFriend Load (2.8ms)[0m   [0;1mSELECT * FROM `friends` WHERE (`friends`.user_id = 1) [0m
  [4;35;1mMovie Load (3.7ms)[0m   [0mSELECT `movies`.* FROM `movies` WHERE (`movies`.friend_id IN (1,2,3,4,5,6,7,8,9,10,11,12,13,14,15,16,17,18,19,20,21,22,23,24,25,26,27,28,29,30,31,32,33,34,35,36,37,38,39,40,41,42,43,44,45,46,47,48,49,50,51,52,53,54,55,56,57,58,59,60,61,62,63,64,65,66,67,68,69,70,71,72,73,74,75,76,77,78,79,80,81,82,83,84,85,86,87,88,89,90,91,92,93,94,95,96,97,98,99,100,101,102,103,104,105,106,107,108,109,110,111,112,113,114,115,116,117,118,119,120,121,122,123,124,125,126,127,128,129,130,131,132,133,134,135,136,137,138,139,140,141,142,143,144,145,146,147,148,149,150,151)) [0m
  [4;36;1mSQL (0.1ms)[0m   [0;1mSET NAMES 'utf8'[0m
  [4;35;1mSQL (0.2ms)[0m   [0mSET SQL_AUTO_IS_NULL=0[0m
  [4;36;1mFriend Load (0.6ms)[0m   [0;1mSELECT * FROM `friends` WHERE (`friends`.user_id = 1) [0m
  [4;36;1mMovie Columns (1.0ms)[0m   [0;1mSHOW FIELDS FROM `movies`[0m
  [4;35;1mMovie Load (0.8ms)[0m   [0mSELECT `movies`.* FROM `movies` WHERE (`movies`.friend_id IN (1,2,3,4,5,6,7,8,9,10,11,12,13,14,15,16,17,18,19,20,21,22,23,24,25,26,27,28,29,30,31,32,33,34,35,36,37,38,39,40,41,42,43,44,45,46,47,48,49,50,51,52,53,54,55,56,57,58,59,60,61,62,63,64,65,66,67,68,69,70,71,72,73,74,75,76,77,78,79,80,81,82,83,84,85,86,87,88,89,90,91,92,93,94,95,96,97,98,99,100,101,102,103,104,105,106,107,108,109,110,111,112,113,114,115,116,117,118,119,120,121,122,123,124,125,126,127,128,129,130,131,132,133,134,135,136,137,138,139,140,141,142,143,144,145,146,147,148,149,150,151)) [0m
  [4;36;1mMovie Columns (1.1ms)[0m   [0;1mSHOW FIELDS FROM `movies`[0m
  [4;35;1mMusic Load (4.7ms)[0m   [0mSELECT `musics`.* FROM `musics` WHERE (`musics`.friend_id IN (1,2,3,4,5,6,7,8,9,10,11,12,13,14,15,16,17,18,19,20,21,22,23,24,25,26,27,28,29,30,31,32,33,34,35,36,37,38,39,40,41,42,43,44,45,46,47,48,49,50,51,52,53,54,55,56,57,58,59,60,61,62,63,64,65,66,67,68,69,70,71,72,73,74,75,76,77,78,79,80,81,82,83,84,85,86,87,88,89,90,91,92,93,94,95,96,97,98,99,100,101,102,103,104,105,106,107,108,109,110,111,112,113,114,115,116,117,118,119,120,121,122,123,124,125,126,127,128,129,130,131,132,133,134,135,136,137,138,139,140,141,142,143,144,145,146,147,148,149,150,151)) [0m
  [4;36;1mMusic Columns (1.0ms)[0m   [0;1mSHOW FIELDS FROM `musics`[0m
  [4;35;1mMusic Load (0.7ms)[0m   [0mSELECT `musics`.* FROM `musics` WHERE (`musics`.friend_id IN (1,2,3,4,5,6,7,8,9,10,11,12,13,14,15,16,17,18,19,20,21,22,23,24,25,26,27,28,29,30,31,32,33,34,35,36,37,38,39,40,41,42,43,44,45,46,47,48,49,50,51,52,53,54,55,56,57,58,59,60,61,62,63,64,65,66,67,68,69,70,71,72,73,74,75,76,77,78,79,80,81,82,83,84,85,86,87,88,89,90,91,92,93,94,95,96,97,98,99,100,101,102,103,104,105,106,107,108,109,110,111,112,113,114,115,116,117,118,119,120,121,122,123,124,125,126,127,128,129,130,131,132,133,134,135,136,137,138,139,140,141,142,143,144,145,146,147,148,149,150,151)) [0m
  [4;35;1mBook Load (2.3ms)[0m   [0mSELECT `books`.* FROM `books` WHERE (`books`.friend_id IN (1,2,3,4,5,6,7,8,9,10,11,12,13,14,15,16,17,18,19,20,21,22,23,24,25,26,27,28,29,30,31,32,33,34,35,36,37,38,39,40,41,42,43,44,45,46,47,48,49,50,51,52,53,54,55,56,57,58,59,60,61,62,63,64,65,66,67,68,69,70,71,72,73,74,75,76,77,78,79,80,81,82,83,84,85,86,87,88,89,90,91,92,93,94,95,96,97,98,99,100,101,102,103,104,105,106,107,108,109,110,111,112,113,114,115,116,117,118,119,120,121,122,123,124,125,126,127,128,129,130,131,132,133,134,135,136,137,138,139,140,141,142,143,144,145,146,147,148,149,150,151)) [0m
  [4;36;1mBook Columns (1.2ms)[0m   [0;1mSHOW FIELDS FROM `books`[0m
Rendering template within layouts/application
Rendering home/index
  [4;36;1mMusic Columns (33.0ms)[0m   [0;1mSHOW FIELDS FROM `musics`[0m
Completed in 956ms (View: 31, DB: 372) | 200 OK [http://localhost/]
  [4;35;1mBook Load (0.3ms)[0m   [0mSELECT `books`.* FROM `books` WHERE (`books`.friend_id IN (1,2,3,4,5,6,7,8,9,10,11,12,13,14,15,16,17,18,19,20,21,22,23,24,25,26,27,28,29,30,31,32,33,34,35,36,37,38,39,40,41,42,43,44,45,46,47,48,49,50,51,52,53,54,55,56,57,58,59,60,61,62,63,64,65,66,67,68,69,70,71,72,73,74,75,76,77,78,79,80,81,82,83,84,85,86,87,88,89,90,91,92,93,94,95,96,97,98,99,100,101,102,103,104,105,106,107,108,109,110,111,112,113,114,115,116,117,118,119,120,121,122,123,124,125,126,127,128,129,130,131,132,133,134,135,136,137,138,139,140,141,142,143,144,145,146,147,148,149,150,151)) [0m
  [4;36;1mBook Columns (1.2ms)[0m   [0;1mSHOW FIELDS FROM `books`[0m
  [4;35;1mMovie Load (0.7ms)[0m   [0mSELECT * FROM `movies` WHERE (`movies`.`movie_id` = '441170255909978' AND `movies`.`friend_id` = 37) AND (`movies`.user_id = 1) LIMIT 1[0m
  [4;36;1mSQL (0.1ms)[0m   [0;1mBEGIN[0m
  [4;35;1mMovie Create (0.4ms)[0m   [0mINSERT INTO `movies` (`name`, `movie_id`, `created_at`, `user_id`, `category`, `updated_at`, `friend_id`) VALUES('3 Idiots Movie', '441170255909978', '2012-08-09 05:46:42', 1, 'Movie', '2012-08-09 05:46:42', 37)[0m
  [4;36;1mSQL (113.0ms)[0m   [0;1mCOMMIT[0m
  [4;35;1mMovie Load (0.5ms)[0m   [0mSELECT * FROM `movies` WHERE (`movies`.`movie_id` = '446999790390' AND `movies`.`friend_id` = 37) AND (`movies`.user_id = 1) LIMIT 1[0m
  [4;36;1mSQL (0.1ms)[0m   [0;1mBEGIN[0m
  [4;35;1mMovie Create (0.5ms)[0m   [0mINSERT INTO `movies` (`name`, `movie_id`, `created_at`, `user_id`, `category`, `updated_at`, `friend_id`) VALUES('hum apke hai kaun', '446999790390', '2012-08-09 05:46:42', 1, 'Movie', '2012-08-09 05:46:42', 37)[0m
  [4;36;1mSQL (61.7ms)[0m   [0;1mCOMMIT[0m
  [4;35;1mMovie Load (0.5ms)[0m   [0mSELECT * FROM `movies` WHERE (`movies`.`movie_id` = '112688685432090' AND `movies`.`friend_id` = 37) AND (`movies`.user_id = 1) LIMIT 1[0m
  [4;36;1mSQL (0.1ms)[0m   [0;1mBEGIN[0m
  [4;35;1mMovie Create (0.3ms)[0m   [0mINSERT INTO `movies` (`name`, `movie_id`, `created_at`, `user_id`, `category`, `updated_at`, `friend_id`) VALUES('hum sath sath hai <3 !!!!!!!!', '112688685432090', '2012-08-09 05:46:42', 1, 'Movie', '2012-08-09 05:46:42', 37)[0m
  [4;36;1mSQL (96.2ms)[0m   [0;1mCOMMIT[0m
  [4;35;1mMovie Load (0.8ms)[0m   [0mSELECT * FROM `movies` WHERE (`movies`.`movie_id` = '108233229197146' AND `movies`.`friend_id` = 37) AND (`movies`.user_id = 1) LIMIT 1[0m
  [4;36;1mSQL (0.1ms)[0m   [0;1mBEGIN[0m
  [4;35;1mMovie Create (0.3ms)[0m   [0mINSERT INTO `movies` (`name`, `movie_id`, `created_at`, `user_id`, `category`, `updated_at`, `friend_id`) VALUES('Me Shivajiraje Bhosale Boltoy', '108233229197146', '2012-08-09 05:46:42', 1, 'Movie', '2012-08-09 05:46:42', 37)[0m
  [4;36;1mSQL (53.9ms)[0m   [0;1mCOMMIT[0m
  [4;35;1mMovie Load (1.3ms)[0m   [0mSELECT * FROM `movies` WHERE (`movies`.`movie_id` = '180897628599892' AND `movies`.`friend_id` = 37) AND (`movies`.user_id = 1) LIMIT 1[0m
  [4;36;1mSQL (0.1ms)[0m   [0;1mBEGIN[0m
  [4;35;1mMovie Create (0.4ms)[0m   [0mINSERT INTO `movies` (`name`, `movie_id`, `created_at`, `user_id`, `category`, `updated_at`, `friend_id`) VALUES('Zakkas', '180897628599892', '2012-08-09 05:46:42', 1, 'Music', '2012-08-09 05:46:42', 37)[0m
  [4;36;1mSQL (67.7ms)[0m   [0;1mCOMMIT[0m
  [4;35;1mMusic Load (0.5ms)[0m   [0mSELECT * FROM `musics` WHERE (`musics`.`music_id` = '144401865661226' AND `musics`.`friend_id` = 37) AND (`musics`.user_id = 1) LIMIT 1[0m
  [4;36;1mSQL (0.1ms)[0m   [0;1mBEGIN[0m
  [4;35;1mMusic Create (0.4ms)[0m   [0mINSERT INTO `musics` (`name`, `created_at`, `user_id`, `music_id`, `category`, `updated_at`, `friend_id`) VALUES('kolaveri', '2012-08-09 05:46:44', 1, '144401865661226', 'Music', '2012-08-09 05:46:44', 37)[0m
  [4;36;1mSQL (66.6ms)[0m   [0;1mCOMMIT[0m
  [4;35;1mMusic Load (0.6ms)[0m   [0mSELECT * FROM `musics` WHERE (`musics`.`music_id` = '109175485770040' AND `musics`.`friend_id` = 37) AND (`musics`.user_id = 1) LIMIT 1[0m
  [4;36;1mSQL (0.1ms)[0m   [0;1mBEGIN[0m
  [4;35;1mMusic Create (0.4ms)[0m   [0mINSERT INTO `musics` (`name`, `created_at`, `user_id`, `music_id`, `category`, `updated_at`, `friend_id`) VALUES('O Sanam O Sanam', '2012-08-09 05:46:44', 1, '109175485770040', 'Music', '2012-08-09 05:46:44', 37)[0m
  [4;36;1mSQL (35.3ms)[0m   [0;1mCOMMIT[0m
  [4;35;1mMusic Load (0.5ms)[0m   [0mSELECT * FROM `musics` WHERE (`musics`.`music_id` = '105601366139343' AND `musics`.`friend_id` = 37) AND (`musics`.user_id = 1) LIMIT 1[0m
  [4;36;1mSQL (0.1ms)[0m   [0;1mBEGIN[0m
  [4;35;1mMusic Create (0.3ms)[0m   [0mINSERT INTO `musics` (`name`, `created_at`, `user_id`, `music_id`, `category`, `updated_at`, `friend_id`) VALUES('Hula-La-La', '2012-08-09 05:46:44', 1, '105601366139343', 'Movie', '2012-08-09 05:46:44', 37)[0m
  [4;36;1mSQL (53.4ms)[0m   [0;1mCOMMIT[0m
  [4;35;1mMusic Load (0.5ms)[0m   [0mSELECT * FROM `musics` WHERE (`musics`.`music_id` = '9770929278' AND `musics`.`friend_id` = 39) AND (`musics`.user_id = 1) LIMIT 1[0m
  [4;36;1mSQL (0.1ms)[0m   [0;1mBEGIN[0m
  [4;35;1mMusic Create (0.3ms)[0m   [0mINSERT INTO `musics` (`name`, `created_at`, `user_id`, `music_id`, `category`, `updated_at`, `friend_id`) VALUES('Adele', '2012-08-09 05:46:48', 1, '9770929278', 'Musician/band', '2012-08-09 05:46:48', 39)[0m
  [4;36;1mSQL (38.5ms)[0m   [0;1mCOMMIT[0m
  [4;35;1mMovie Load (0.5ms)[0m   [0mSELECT * FROM `movies` WHERE (`movies`.`movie_id` = '343196972417790' AND `movies`.`friend_id` = 61) AND (`movies`.user_id = 1) LIMIT 1[0m
  [4;36;1mSQL (0.1ms)[0m   [0;1mBEGIN[0m
  [4;35;1mMovie Create (0.3ms)[0m   [0mINSERT INTO `movies` (`name`, `movie_id`, `created_at`, `user_id`, `category`, `updated_at`, `friend_id`) VALUES('Daal Mein Kuch Kaala Hai', '343196972417790', '2012-08-09 05:47:37', 1, 'Movie', '2012-08-09 05:47:37', 61)[0m
  [4;36;1mSQL (63.6ms)[0m   [0;1mCOMMIT[0m
  [4;35;1mMovie Load (0.5ms)[0m   [0mSELECT * FROM `movies` WHERE (`movies`.`movie_id` = '156794164312' AND `movies`.`friend_id` = 64) AND (`movies`.user_id = 1) LIMIT 1[0m
  [4;36;1mSQL (0.1ms)[0m   [0;1mBEGIN[0m
  [4;35;1mMovie Create (0.3ms)[0m   [0mINSERT INTO `movies` (`name`, `movie_id`, `created_at`, `user_id`, `category`, `updated_at`, `friend_id`) VALUES('Harry Potter', '156794164312', '2012-08-09 05:47:45', 1, 'Movie', '2012-08-09 05:47:45', 64)[0m
  [4;36;1mSQL (84.7ms)[0m   [0;1mCOMMIT[0m
  [4;35;1mMovie Load (0.6ms)[0m   [0mSELECT * FROM `movies` WHERE (`movies`.`movie_id` = '374105682651297' AND `movies`.`friend_id` = 111) AND (`movies`.user_id = 1) LIMIT 1[0m
  [4;36;1mSQL (0.1ms)[0m   [0;1mBEGIN[0m
  [4;35;1mMovie Create (0.3ms)[0m   [0mINSERT INTO `movies` (`name`, `movie_id`, `created_at`, `user_id`, `category`, `updated_at`, `friend_id`) VALUES('Wallpaper Gadget', '374105682651297', '2012-08-09 05:49:29', 1, 'Community', '2012-08-09 05:49:29', 111)[0m
  [4;36;1mSQL (54.7ms)[0m   [0;1mCOMMIT[0m
  [4;35;1mBook Load (0.6ms)[0m   [0mSELECT * FROM `books` WHERE (`books`.`friend_id` = 145 AND `books`.`book_id` = '119598448129311') AND (`books`.user_id = 1) LIMIT 1[0m
  [4;36;1mSQL (0.1ms)[0m   [0;1mBEGIN[0m
  [4;35;1mBook Create (0.4ms)[0m   [0mINSERT INTO `books` (`name`, `book_id`, `created_at`, `user_id`, `category`, `updated_at`, `friend_id`) VALUES('Gujrati Gazal Ni Mahefil.', '119598448129311', '2012-08-09 05:51:00', 1, 'Book', '2012-08-09 05:51:00', 145)[0m
  [4;36;1mSQL (65.2ms)[0m   [0;1mCOMMIT[0m
  [4;35;1mBook Load (0.4ms)[0m   [0mSELECT * FROM `books` WHERE (`books`.`friend_id` = 145 AND `books`.`book_id` = '131560990190681') AND (`books`.user_id = 1) LIMIT 1[0m
  [4;36;1mSQL (0.1ms)[0m   [0;1mBEGIN[0m
  [4;35;1mBook Create (0.3ms)[0m   [0mINSERT INTO `books` (`name`, `book_id`, `created_at`, `user_id`, `category`, `updated_at`, `friend_id`) VALUES('THE ULTIMATE QUOTES :)', '131560990190681', '2012-08-09 05:51:00', 1, 'Author', '2012-08-09 05:51:00', 145)[0m
  [4;36;1mSQL (79.0ms)[0m   [0;1mCOMMIT[0m
  [4;35;1mSQL (0.1ms)[0m   [0mBEGIN[0m
  [4;36;1mUser Update (93.5ms)[0m   [0;1mUPDATE `users` SET `updated_at` = '2012-08-09 05:51:13' WHERE `id` = 1[0m
  [4;35;1mSQL (51.2ms)[0m   [0mCOMMIT[0m
  [4;36;1mAmazonBook Load (2.1ms)[0m   [0;1mSELECT * FROM `amazon_books` WHERE (friend_id IN (1,2,3,4,5,6,7,8,9,10,11,12,13,14,15,16,17,18,19,20,21,22,23,24,25,26,27,28,29,30,31,32,33,34,35,36,37,38,39,40,41,42,43,44,45,46,47,48,49,50,51,52,53,54,55,56,57,58,59,60,61,62,63,64,65,66,67,68,69,70,71,72,73,74,75,76,77,78,79,80,81,82,83,84,85,86,87,88,89,90,91,92,93,94,95,96,97,98,99,100,101,102,103,104,105,106,107,108,109,110,111,112,113,114,115,116,117,118,119,120,121,122,123,124,125,126,127,128,129,130,131,132,133,134,135,136,137,138,139,140,141,142,143,144,145,146,147,148,149,150,151)) [0m
  [4;35;1mAmazonBook Columns (0.8ms)[0m   [0mSHOW FIELDS FROM `amazon_books`[0m
  [4;36;1mBook Load (1.7ms)[0m   [0;1mSELECT * FROM `books` WHERE (friend_id IN (1,2,3,4,5,6,7,8,9,10,11,12,14,15,17,18,19,20,21,22,23,24,25,26,27,29,30,31,32,33,34,35,36,37,38,40,41,42,44,45,46,47,48,50,51,52,53,54,55,58,59,60,61,62,64,65,66,67,68,69,71,73,75,76,77,78,80,81,82,84,85,86,87,88,89,90,91,92,93,94,95,96,97,100,101,103,104,106,107,108,111,112,114,115,116,118,120,121,122,123,124,125,126,127,128,130,131,132,133,135,136,138,139,140,141,142,143,144,145,147,148,149,151)) [0m
  [4;35;1mFriend Load (0.6ms)[0m   [0mSELECT * FROM `friends` WHERE (`friends`.`id` IN (131,93,67,66,88,2,54,58,26,145,141,142,114,75,42,15,14)) [0m
spawn> child[3099] took 364.445943 sec
  [4;35;1mSQL (0.1ms)[0m   [0mSET NAMES 'utf8'[0m
  [4;36;1mSQL (0.1ms)[0m   [0;1mSET SQL_AUTO_IS_NULL=0[0m


Processing HomeController#index (for 172.18.100.97 at 2012-08-09 11:35:04) [GET]
Redirected to http://apps.facebook.com/newrailsapp
Completed in 3ms (DB: 0) | 302 Found [http://172.18.100.96/]
  [4;36;1mSQL (0.1ms)[0m   [0;1mSET NAMES 'utf8'[0m
  [4;35;1mSQL (0.1ms)[0m   [0mSET SQL_AUTO_IS_NULL=0[0m


Processing HomeController#index (for 127.0.0.1 at 2012-08-09 11:43:20) [GET]
Redirected to http://apps.facebook.com/newrailsapp
Completed in 2ms (DB: 0) | 302 Found [http://localhost/]
  [4;36;1mSQL (0.1ms)[0m   [0;1mSET NAMES 'utf8'[0m
  [4;35;1mSQL (0.1ms)[0m   [0mSET SQL_AUTO_IS_NULL=0[0m


Processing HomeController#index (for 127.0.0.1 at 2012-08-09 11:43:24) [POST]
  Parameters: {"signed_request"=>"AmuH5SsGRfxvOmS2vmIPl7e8Xs7Ig9q8FAZli8mormU.eyJhbGdvcml0aG0iOiJITUFDLVNIQTI1NiIsImV4cGlyZXMiOjEzNDk2NzY4MDEsImlzc3VlZF9hdCI6MTM0NDQ5MjgwMSwib2F1dGhfdG9rZW4iOiJBQUFCZmNhdmcxQ29CQU5TamtaQTlBck5OaExxMlpBR1pDMzVCZnRkRUFCTDlqdmJaQkdaQVpCbzZ6WGpUbXRRM1NaQUxBWkJ1UXM4ZHNEVnBYclpBSjZ4WkNEWWdaQkg4YlBYNjY0WkQiLCJ1c2VyIjp7ImNvdW50cnkiOiJpbiIsImxvY2FsZSI6ImVuX1VTIiwiYWdlIjp7Im1pbiI6MjF9fSwidXNlcl9pZCI6IjcxNTU5MjgyNCJ9"}
  [4;36;1mUser Columns (1.3ms)[0m   [0;1mSHOW FIELDS FROM `users`[0m
  [4;35;1mUser Load (0.5ms)[0m   [0mSELECT * FROM `users` WHERE (`users`.`fb_uid` = '715592824') LIMIT 1[0m
  [4;36;1mFriend Columns (2.1ms)[0m   [0;1mSHOW FIELDS FROM `friends`[0m
  [4;35;1mSQL (321.6ms)[0m   [0mSELECT count(DISTINCT `friends`.id) AS count_all FROM `friends` LEFT OUTER JOIN `movies` ON movies.friend_id = friends.id LEFT OUTER JOIN `musics` ON musics.friend_id = friends.id LEFT OUTER JOIN `books` ON books.friend_id = friends.id WHERE (`friends`.user_id = 1) [0m
  [4;36;1mFriend Load (0.1ms)[0m   [0;1mSELECT * FROM `friends` WHERE (`friends`.user_id = 1 AND (first_name IS NULL)) LIMIT 1[0m
  [4;35;1mUser Load (0.4ms)[0m   [0mSELECT * FROM `users` WHERE (`users`.`id` = 1) [0m
spawn> parent PID = 3608
spawn> child PID = 3666
  [4;36;1mFriend Load (0.7ms)[0m   [0;1mSELECT * FROM `friends` WHERE (`friends`.user_id = 1) [0m
spawn> child[3666] took 0.04959 sec
  [4;35;1mMovie Load (3.6ms)[0m   [0mSELECT `movies`.* FROM `movies` WHERE (`movies`.friend_id IN (1,2,3,4,5,6,7,8,9,10,11,12,13,14,15,16,17,18,19,20,21,22,23,24,25,26,27,28,29,30,31,32,33,34,35,36,37,38,39,40,41,42,43,44,45,46,47,48,49,50,51,52,53,54,55,56,57,58,59,60,61,62,63,64,65,66,67,68,69,70,71,72,73,74,75,76,77,78,79,80,81,82,83,84,85,86,87,88,89,90,91,92,93,94,95,96,97,98,99,100,101,102,103,104,105,106,107,108,109,110,111,112,113,114,115,116,117,118,119,120,121,122,123,124,125,126,127,128,129,130,131,132,133,134,135,136,137,138,139,140,141,142,143,144,145,146,147,148,149,150,151)) [0m
  [4;36;1mMovie Columns (1.0ms)[0m   [0;1mSHOW FIELDS FROM `movies`[0m
  [4;35;1mMusic Load (3.0ms)[0m   [0mSELECT `musics`.* FROM `musics` WHERE (`musics`.friend_id IN (1,2,3,4,5,6,7,8,9,10,11,12,13,14,15,16,17,18,19,20,21,22,23,24,25,26,27,28,29,30,31,32,33,34,35,36,37,38,39,40,41,42,43,44,45,46,47,48,49,50,51,52,53,54,55,56,57,58,59,60,61,62,63,64,65,66,67,68,69,70,71,72,73,74,75,76,77,78,79,80,81,82,83,84,85,86,87,88,89,90,91,92,93,94,95,96,97,98,99,100,101,102,103,104,105,106,107,108,109,110,111,112,113,114,115,116,117,118,119,120,121,122,123,124,125,126,127,128,129,130,131,132,133,134,135,136,137,138,139,140,141,142,143,144,145,146,147,148,149,150,151)) [0m
  [4;36;1mMusic Columns (1.0ms)[0m   [0;1mSHOW FIELDS FROM `musics`[0m
  [4;35;1mBook Load (1.9ms)[0m   [0mSELECT `books`.* FROM `books` WHERE (`books`.friend_id IN (1,2,3,4,5,6,7,8,9,10,11,12,13,14,15,16,17,18,19,20,21,22,23,24,25,26,27,28,29,30,31,32,33,34,35,36,37,38,39,40,41,42,43,44,45,46,47,48,49,50,51,52,53,54,55,56,57,58,59,60,61,62,63,64,65,66,67,68,69,70,71,72,73,74,75,76,77,78,79,80,81,82,83,84,85,86,87,88,89,90,91,92,93,94,95,96,97,98,99,100,101,102,103,104,105,106,107,108,109,110,111,112,113,114,115,116,117,118,119,120,121,122,123,124,125,126,127,128,129,130,131,132,133,134,135,136,137,138,139,140,141,142,143,144,145,146,147,148,149,150,151)) [0m
  [4;36;1mBook Columns (0.7ms)[0m   [0;1mSHOW FIELDS FROM `books`[0m
Rendering template within layouts/application
Rendering home/index
Completed in 776ms (View: 24, DB: 338) | 200 OK [http://localhost/]
  [4;35;1mSQL (0.1ms)[0m   [0mSET NAMES 'utf8'[0m
  [4;36;1mSQL (0.1ms)[0m   [0;1mSET SQL_AUTO_IS_NULL=0[0m


Processing HomeController#index (for 127.0.0.1 at 2012-08-09 11:44:43) [GET]
Redirected to http://apps.facebook.com/price_plunge
Completed in 2ms (DB: 0) | 302 Found [http://localhost/]
  [4;35;1mSQL (0.1ms)[0m   [0mSET NAMES 'utf8'[0m
  [4;36;1mSQL (0.1ms)[0m   [0;1mSET SQL_AUTO_IS_NULL=0[0m


Processing HomeController#index (for 127.0.0.1 at 2012-08-09 11:44:47) [POST]
  Parameters: {"signed_request"=>"ATn9DW5rOxdd56leUA2SSaDHAEGeAzT0gJEG40ULyws.eyJhbGdvcml0aG0iOiJITUFDLVNIQTI1NiIsImV4cGlyZXMiOjAsImlzc3VlZF9hdCI6MTM0NDQ5Mjg4NCwib2F1dGhfdG9rZW4iOiJBQUFDR2wxYlpBVkhZQkFIUVJaQTlVd3JWd09Ia0xmeGk2anI4d1lWemxSQjUwaW5KWkJqczllSzVTdXZpeWUyWkFaQVpDOEVnQU9sWkJwQ0xDdHp0REtQbUdkcUdXS0NjcXNaRCIsInVzZXIiOnsiY291bnRyeSI6ImluIiwibG9jYWxlIjoiZW5fVVMiLCJhZ2UiOnsibWluIjoyMX19LCJ1c2VyX2lkIjoiNzE1NTkyODI0In0"}
  [4;35;1mUser Columns (2.2ms)[0m   [0mSHOW FIELDS FROM `users`[0m
  [4;36;1mUser Load (0.2ms)[0m   [0;1mSELECT * FROM `users` WHERE (`users`.`fb_uid` = '715592824') LIMIT 1[0m
  [4;35;1mFriend Columns (1.1ms)[0m   [0mSHOW FIELDS FROM `friends`[0m
  [4;36;1mSQL (0.2ms)[0m   [0;1mSELECT count(DISTINCT `friends`.id) AS count_all FROM `friends` LEFT OUTER JOIN `movies` ON movies.friend_id = friends.id LEFT OUTER JOIN `musics` ON musics.friend_id = friends.id LEFT OUTER JOIN `books` ON books.friend_id = friends.id WHERE (`friends`.user_id = 1) [0m
  [4;35;1mFriend Load (0.5ms)[0m   [0mSELECT * FROM `friends` WHERE (`friends`.user_id = 1 AND (first_name IS NULL)) LIMIT 1[0m
  [4;36;1mUser Load (0.1ms)[0m   [0;1mSELECT * FROM `users` WHERE (`users`.`id` = 1) [0m
spawn> parent PID = 3608
  [4;35;1mFriend Load (0.9ms)[0m   [0mSELECT * FROM `friends` WHERE (`friends`.user_id = 1) [0m
spawn> child PID = 3805
spawn> child[3805] took 0.066023 sec
  [4;36;1mMovie Load (0.5ms)[0m   [0;1mSELECT `movies`.* FROM `movies` WHERE (`movies`.friend_id IN (1,2,3,4,5,6,7,8,9,10,11,12,13,14,15,16,17,18,19,20,21,22,23,24,25,26,27,28,29,30,31,32,33,34,35,36,37,38,39,40,41,42,43,44,45,46,47,48,49,50,51,52,53,54,55,56,57,58,59,60,61,62,63,64,65,66,67,68,69,70,71,72,73,74,75,76,77,78,79,80,81,82,83,84,85,86,87,88,89,90,91,92,93,94,95,96,97,98,99,100,101,102,103,104,105,106,107,108,109,110,111,112,113,114,115,116,117,118,119,120,121,122,123,124,125,126,127,128,129,130,131,132,133,134,135,136,137,138,139,140,141,142,143,144,145,146,147,148,149,150,151)) [0m
  [4;35;1mMovie Columns (1.0ms)[0m   [0mSHOW FIELDS FROM `movies`[0m
  [4;36;1mMusic Load (0.4ms)[0m   [0;1mSELECT `musics`.* FROM `musics` WHERE (`musics`.friend_id IN (1,2,3,4,5,6,7,8,9,10,11,12,13,14,15,16,17,18,19,20,21,22,23,24,25,26,27,28,29,30,31,32,33,34,35,36,37,38,39,40,41,42,43,44,45,46,47,48,49,50,51,52,53,54,55,56,57,58,59,60,61,62,63,64,65,66,67,68,69,70,71,72,73,74,75,76,77,78,79,80,81,82,83,84,85,86,87,88,89,90,91,92,93,94,95,96,97,98,99,100,101,102,103,104,105,106,107,108,109,110,111,112,113,114,115,116,117,118,119,120,121,122,123,124,125,126,127,128,129,130,131,132,133,134,135,136,137,138,139,140,141,142,143,144,145,146,147,148,149,150,151)) [0m
  [4;35;1mMusic Columns (1.0ms)[0m   [0mSHOW FIELDS FROM `musics`[0m
  [4;36;1mBook Load (0.3ms)[0m   [0;1mSELECT `books`.* FROM `books` WHERE (`books`.friend_id IN (1,2,3,4,5,6,7,8,9,10,11,12,13,14,15,16,17,18,19,20,21,22,23,24,25,26,27,28,29,30,31,32,33,34,35,36,37,38,39,40,41,42,43,44,45,46,47,48,49,50,51,52,53,54,55,56,57,58,59,60,61,62,63,64,65,66,67,68,69,70,71,72,73,74,75,76,77,78,79,80,81,82,83,84,85,86,87,88,89,90,91,92,93,94,95,96,97,98,99,100,101,102,103,104,105,106,107,108,109,110,111,112,113,114,115,116,117,118,119,120,121,122,123,124,125,126,127,128,129,130,131,132,133,134,135,136,137,138,139,140,141,142,143,144,145,146,147,148,149,150,151)) [0m
  [4;35;1mBook Columns (0.8ms)[0m   [0mSHOW FIELDS FROM `books`[0m
Rendering template within layouts/application
Rendering home/index
Completed in 436ms (View: 15, DB: 9) | 200 OK [http://localhost/]
  [4;36;1mSQL (0.1ms)[0m   [0;1mSET NAMES 'utf8'[0m
  [4;35;1mSQL (0.1ms)[0m   [0mSET SQL_AUTO_IS_NULL=0[0m


Processing HomeController#index (for 127.0.0.1 at 2012-08-24 10:40:45) [GET]
Redirected to http://apps.facebook.com/price_plunge
Completed in 3ms (DB: 0) | 302 Found [http://localhost/]
  [4;36;1mSQL (0.1ms)[0m   [0;1mSET NAMES 'utf8'[0m
  [4;35;1mSQL (0.1ms)[0m   [0mSET SQL_AUTO_IS_NULL=0[0m


Processing HomeController#index (for 127.0.0.1 at 2012-08-24 10:40:59) [POST]
  Parameters: {"signed_request"=>"_JJshH2jDdJgkeV2sCesIhCSLHH1r2NtePE5oNvmJF4.eyJhbGdvcml0aG0iOiJITUFDLVNIQTI1NiIsImV4cGlyZXMiOjAsImlzc3VlZF9hdCI6MTM0NTc4NTA1Nywib2F1dGhfdG9rZW4iOiJBQUFDR2wxYlpBVkhZQkFIUVJaQTlVd3JWd09Ia0xmeGk2anI4d1lWemxSQjUwaW5KWkJqczllSzVTdXZpeWUyWkFaQVpDOEVnQU9sWkJwQ0xDdHp0REtQbUdkcUdXS0NjcXNaRCIsInVzZXIiOnsiY291bnRyeSI6ImluIiwibG9jYWxlIjoiZW5fVVMiLCJhZ2UiOnsibWluIjoyMX19LCJ1c2VyX2lkIjoiNzE1NTkyODI0In0"}
  [4;36;1mUser Columns (1.0ms)[0m   [0;1mSHOW FIELDS FROM `users`[0m
  [4;35;1mUser Load (0.8ms)[0m   [0mSELECT * FROM `users` WHERE (`users`.`fb_uid` = '715592824') LIMIT 1[0m
  [4;36;1mFriend Columns (1.3ms)[0m   [0;1mSHOW FIELDS FROM `friends`[0m
  [4;35;1mSQL (295.4ms)[0m   [0mSELECT count(DISTINCT `friends`.id) AS count_all FROM `friends` LEFT OUTER JOIN `movies` ON movies.friend_id = friends.id LEFT OUTER JOIN `musics` ON musics.friend_id = friends.id LEFT OUTER JOIN `books` ON books.friend_id = friends.id WHERE (`friends`.user_id = 1) [0m
  [4;36;1mFriend Load (1.2ms)[0m   [0;1mSELECT * FROM `friends` WHERE (`friends`.user_id = 1 AND (first_name IS NULL)) LIMIT 1[0m
  [4;35;1mUser Load (0.4ms)[0m   [0mSELECT * FROM `users` WHERE (`users`.`id` = 1) [0m
spawn> parent PID = 2990
  [4;36;1mFriend Load (1.7ms)[0m   [0;1mSELECT * FROM `friends` WHERE (`friends`.user_id = 1) [0m
spawn> child PID = 3010
  [4;35;1mMovie Load (25.5ms)[0m   [0mSELECT `movies`.* FROM `movies` WHERE (`movies`.friend_id IN (1,2,3,4,5,6,7,8,9,10,11,12,13,14,15,16,17,18,19,20,21,22,23,24,25,26,27,28,29,30,31,32,33,34,35,36,37,38,39,40,41,42,43,44,45,46,47,48,49,50,51,52,53,54,55,56,57,58,59,60,61,62,63,64,65,66,67,68,69,70,71,72,73,74,75,76,77,78,79,80,81,82,83,84,85,86,87,88,89,90,91,92,93,94,95,96,97,98,99,100,101,102,103,104,105,106,107,108,109,110,111,112,113,114,115,116,117,118,119,120,121,122,123,124,125,126,127,128,129,130,131,132,133,134,135,136,137,138,139,140,141,142,143,144,145,146,147,148,149,150,151)) [0m
  [4;36;1mSQL (0.1ms)[0m   [0;1mSET NAMES 'utf8'[0m
  [4;35;1mSQL (0.1ms)[0m   [0mSET SQL_AUTO_IS_NULL=0[0m
  [4;36;1mFriend Load (0.4ms)[0m   [0;1mSELECT * FROM `friends` WHERE (`friends`.user_id = 1) [0m
  [4;36;1mMovie Columns (7.5ms)[0m   [0;1mSHOW FIELDS FROM `movies`[0m
  [4;35;1mMovie Load (0.7ms)[0m   [0mSELECT `movies`.* FROM `movies` WHERE (`movies`.friend_id IN (1,2,3,4,5,6,7,8,9,10,11,12,13,14,15,16,17,18,19,20,21,22,23,24,25,26,27,28,29,30,31,32,33,34,35,36,37,38,39,40,41,42,43,44,45,46,47,48,49,50,51,52,53,54,55,56,57,58,59,60,61,62,63,64,65,66,67,68,69,70,71,72,73,74,75,76,77,78,79,80,81,82,83,84,85,86,87,88,89,90,91,92,93,94,95,96,97,98,99,100,101,102,103,104,105,106,107,108,109,110,111,112,113,114,115,116,117,118,119,120,121,122,123,124,125,126,127,128,129,130,131,132,133,134,135,136,137,138,139,140,141,142,143,144,145,146,147,148,149,150,151)) [0m
  [4;36;1mMovie Columns (1.0ms)[0m   [0;1mSHOW FIELDS FROM `movies`[0m
  [4;35;1mMusic Load (3.3ms)[0m   [0mSELECT `musics`.* FROM `musics` WHERE (`musics`.friend_id IN (1,2,3,4,5,6,7,8,9,10,11,12,13,14,15,16,17,18,19,20,21,22,23,24,25,26,27,28,29,30,31,32,33,34,35,36,37,38,39,40,41,42,43,44,45,46,47,48,49,50,51,52,53,54,55,56,57,58,59,60,61,62,63,64,65,66,67,68,69,70,71,72,73,74,75,76,77,78,79,80,81,82,83,84,85,86,87,88,89,90,91,92,93,94,95,96,97,98,99,100,101,102,103,104,105,106,107,108,109,110,111,112,113,114,115,116,117,118,119,120,121,122,123,124,125,126,127,128,129,130,131,132,133,134,135,136,137,138,139,140,141,142,143,144,145,146,147,148,149,150,151)) [0m
  [4;36;1mMusic Columns (1.2ms)[0m   [0;1mSHOW FIELDS FROM `musics`[0m
  [4;35;1mMusic Load (1.2ms)[0m   [0mSELECT `musics`.* FROM `musics` WHERE (`musics`.friend_id IN (1,2,3,4,5,6,7,8,9,10,11,12,13,14,15,16,17,18,19,20,21,22,23,24,25,26,27,28,29,30,31,32,33,34,35,36,37,38,39,40,41,42,43,44,45,46,47,48,49,50,51,52,53,54,55,56,57,58,59,60,61,62,63,64,65,66,67,68,69,70,71,72,73,74,75,76,77,78,79,80,81,82,83,84,85,86,87,88,89,90,91,92,93,94,95,96,97,98,99,100,101,102,103,104,105,106,107,108,109,110,111,112,113,114,115,116,117,118,119,120,121,122,123,124,125,126,127,128,129,130,131,132,133,134,135,136,137,138,139,140,141,142,143,144,145,146,147,148,149,150,151)) [0m
  [4;36;1mMusic Columns (1.0ms)[0m   [0;1mSHOW FIELDS FROM `musics`[0m
  [4;35;1mBook Load (2.4ms)[0m   [0mSELECT `books`.* FROM `books` WHERE (`books`.friend_id IN (1,2,3,4,5,6,7,8,9,10,11,12,13,14,15,16,17,18,19,20,21,22,23,24,25,26,27,28,29,30,31,32,33,34,35,36,37,38,39,40,41,42,43,44,45,46,47,48,49,50,51,52,53,54,55,56,57,58,59,60,61,62,63,64,65,66,67,68,69,70,71,72,73,74,75,76,77,78,79,80,81,82,83,84,85,86,87,88,89,90,91,92,93,94,95,96,97,98,99,100,101,102,103,104,105,106,107,108,109,110,111,112,113,114,115,116,117,118,119,120,121,122,123,124,125,126,127,128,129,130,131,132,133,134,135,136,137,138,139,140,141,142,143,144,145,146,147,148,149,150,151)) [0m
  [4;36;1mBook Columns (1.1ms)[0m   [0;1mSHOW FIELDS FROM `books`[0m
  [4;35;1mBook Load (0.3ms)[0m   [0mSELECT `books`.* FROM `books` WHERE (`books`.friend_id IN (1,2,3,4,5,6,7,8,9,10,11,12,13,14,15,16,17,18,19,20,21,22,23,24,25,26,27,28,29,30,31,32,33,34,35,36,37,38,39,40,41,42,43,44,45,46,47,48,49,50,51,52,53,54,55,56,57,58,59,60,61,62,63,64,65,66,67,68,69,70,71,72,73,74,75,76,77,78,79,80,81,82,83,84,85,86,87,88,89,90,91,92,93,94,95,96,97,98,99,100,101,102,103,104,105,106,107,108,109,110,111,112,113,114,115,116,117,118,119,120,121,122,123,124,125,126,127,128,129,130,131,132,133,134,135,136,137,138,139,140,141,142,143,144,145,146,147,148,149,150,151)) [0m
  [4;36;1mBook Columns (1.1ms)[0m   [0;1mSHOW FIELDS FROM `books`[0m
Rendering template within layouts/application
Rendering home/index
Completed in 1271ms (View: 276, DB: 343) | 200 OK [http://localhost/]
  [4;35;1mMusic Load (0.7ms)[0m   [0mSELECT * FROM `musics` WHERE (`musics`.`music_id` = '263341570433186' AND `musics`.`friend_id` = 61) AND (`musics`.user_id = 1) LIMIT 1[0m
  [4;36;1mSQL (0.1ms)[0m   [0;1mBEGIN[0m
  [4;35;1mMusic Create (0.4ms)[0m   [0mINSERT INTO `musics` (`friend_id`, `created_at`, `user_id`, `category`, `name`, `music_id`, `updated_at`) VALUES(61, '2012-08-24 05:13:16', 1, 'Musician/band', 'FutureStereo', '263341570433186', '2012-08-24 05:13:16')[0m
  [4;36;1mSQL (93.1ms)[0m   [0;1mCOMMIT[0m
  [4;35;1mSQL (0.1ms)[0m   [0mBEGIN[0m
  [4;36;1mUser Update (0.7ms)[0m   [0;1mUPDATE `users` SET `updated_at` = '2012-08-24 05:16:52' WHERE `id` = 1[0m
  [4;35;1mSQL (68.1ms)[0m   [0mCOMMIT[0m
  [4;36;1mAmazonBook Load (3.1ms)[0m   [0;1mSELECT * FROM `amazon_books` WHERE (friend_id IN (1,2,3,4,5,6,7,8,9,10,11,12,13,14,15,16,17,18,19,20,21,22,23,24,25,26,27,28,29,30,31,32,33,34,35,36,37,38,39,40,41,42,43,44,45,46,47,48,49,50,51,52,53,54,55,56,57,58,59,60,61,62,63,64,65,66,67,68,69,70,71,72,73,74,75,76,77,78,79,80,81,82,83,84,85,86,87,88,89,90,91,92,93,94,95,96,97,98,99,100,101,102,103,104,105,106,107,108,109,110,111,112,113,114,115,116,117,118,119,120,121,122,123,124,125,126,127,128,129,130,131,132,133,134,135,136,137,138,139,140,141,142,143,144,145,146,147,148,149,150,151)) [0m
  [4;35;1mAmazonBook Columns (1.0ms)[0m   [0mSHOW FIELDS FROM `amazon_books`[0m
  [4;36;1mBook Load (1.7ms)[0m   [0;1mSELECT * FROM `books` WHERE (friend_id IN (1,2,3,4,5,6,7,8,9,10,11,12,14,15,17,18,19,20,21,22,23,24,25,26,27,29,30,31,32,33,34,35,36,37,38,40,41,42,44,45,46,47,48,50,51,52,53,54,55,58,59,60,61,62,64,65,66,67,68,69,71,73,75,76,77,78,80,81,82,84,85,86,87,88,89,90,91,92,93,94,95,96,97,100,101,103,104,106,107,108,111,112,114,115,116,118,120,121,122,123,124,125,126,127,128,130,131,132,133,135,136,138,139,140,141,142,143,144,145,147,148,149,151)) [0m
  [4;35;1mFriend Load (0.6ms)[0m   [0mSELECT * FROM `friends` WHERE (`friends`.`id` IN (75,145,141,142,42,2,114,26,93,67,66,131,15,14,88,54,58)) [0m
spawn> child[3010] took 352.090217 sec
  [4;35;1mSQL (0.1ms)[0m   [0mSET NAMES 'utf8'[0m
  [4;36;1mSQL (0.1ms)[0m   [0;1mSET SQL_AUTO_IS_NULL=0[0m


Processing HomeController#index (for 172.18.100.97 at 2012-08-24 12:33:30) [GET]
Redirected to http://apps.facebook.com/price_plunge
Completed in 2ms (DB: 0) | 302 Found [http://172.18.100.96/]
